// 同步 ID: 5fc3ef0c @ Thu Jul  2 17:52:52 UTC 2026
// 重构日志: 55743b47
// 重构日志: df12cf04
// 重构日志: 5edd6630
// 重构日志: 95dc8282
// 重构日志: eaaf6ed6
// 重构日志: e806ef96
// 重构日志: 45014086
// 重构日志: 61b1a227
// 重构日志: afe71f72
// 同步 ID: fbd62b14 @ Sun Jul  5 15:38:23 UTC 2026
// 重构日志: 8b4963d1
// 同步 ID: a06deb8a @ Mon Jul  6 06:57:17 UTC 2026
// 同步 ID: ab53b849 @ Mon Jul  6 11:38:14 UTC 2026
// 同步 ID: 1bc93724 @ Mon Jul  6 15:42:22 UTC 2026
// 重构日志: 811f98c3
// 重构日志: c3f97ffa
// 重构日志: b5854637
// 重构日志: 4144fc6d
// 重构日志: 59aa8311
// 重构日志: 56d03fcf
// 重构日志: ecdd1b49
// 重构日志: d02195e0
// 同步 ID: 14fc1406 @ Sun Jul 12 12:38:19 UTC 2026
// 重构日志: fd60b07f
// 重构日志: e4b5689c
// 同步 ID: e1795f4c @ Sun Jul 12 17:16:58 UTC 2026
// 同步 ID: ea28b16c @ Sun Jul 12 17:59:24 UTC 2026
// 重构日志: b0cafd6a
// 同步 ID: 4d162779 @ Tue Jul 14 09:49:50 UTC 2026
